[17:51:34] [Server thread/INFO]: Starting minecraft server version 1.12.2
[17:51:34] [Server thread/INFO]: Loading properties
[17:51:34] [Server thread/WARN]: Invalid sha1 for ressource-pack-sha1
[17:51:34] [Server thread/INFO]: Default game type: ADVENTURE
[17:51:34] [Server thread/INFO]: This server is running CraftBukkit version git-Spigot-2086bb0-8cc5a7e (MC: 1.12.2) (Implementing API version 1.12.2-R0.1-SNAPSHOT)
[17:51:35] [Server thread/INFO]: Debug logging is disabled
[17:51:35] [Server thread/INFO]: Server Ping Player Sample Count: 12
[17:51:35] [Server thread/INFO]: Using 4 threads for Netty based IO
[17:51:35] [Server thread/INFO]: Generating keypair
[17:51:35] [Server thread/INFO]: Starting Minecraft server on 10.0.0.94:25565
[17:51:35] [Server thread/INFO]: Using default channel type
[17:51:36] [Server thread/INFO]: Set PluginClassLoader as parallel capable
[17:51:36] [Server thread/INFO]: [OinkMetrics] Loading OinkMetrics v0.1
[17:51:36] [Server thread/INFO]: [FastAsyncWorldEdit] Loading FastAsyncWorldEdit v18.08.11-fa7fc22-1173-20.9.0
[17:51:36] [Server thread/INFO]: [WorldEdit] Loading WorldEdit v6.1.7;dd00bb1
[17:51:36] [Server thread/INFO]: [FastAsyncWorldEdit] Enabling FastAsyncWorldEdit v18.08.11-fa7fc22-1173-20.9.0
[17:51:37] [Server thread/INFO]: [0;35;1mVault is used for persistent `/wea` toggles.[m
[17:51:37] [Server thread/INFO]: ====== USE PAPER ======[m
[17:51:37] [Server thread/INFO]: DOWNLOAD: https://ci.destroystokyo.com/job/PaperSpigot/[m
[17:51:37] [Server thread/INFO]: GUIDE: https://www.spigotmc.org/threads/21726/[m
[17:51:37] [Server thread/INFO]:  - This is only a recommendation[m
[17:51:37] [Server thread/INFO]: ==============================[m
[17:51:37] [Server thread/INFO]: **** Beginning UUID conversion, this may take A LONG time ****
[17:51:37] [Server thread/INFO]: Preparing level "world"
[17:51:38] [Server thread/INFO]: -------- World Settings For [world] --------
[17:51:38] [Server thread/INFO]: Item Merge Radius: 2.5
[17:51:38] [Server thread/INFO]: Item Despawn Rate: 6000
[17:51:38] [Server thread/INFO]: Allow Zombie Pigmen to spawn from portal blocks: true
[17:51:38] [Server thread/INFO]: Arrow Despawn Rate: 1200
[17:51:38] [Server thread/INFO]: Experience Merge Radius: 3.0
[17:51:38] [Server thread/INFO]: View Distance: 10
[17:51:38] [Server thread/INFO]: Zombie Aggressive Towards Villager: true
[17:51:38] [Server thread/INFO]: Nerfing mobs spawned from spawners: false
[17:51:38] [Server thread/INFO]: Mob Spawn Range: 4
[17:51:38] [Server thread/INFO]: Entity Activation Range: An 32 / Mo 32 / Mi 16 / Tiv true
[17:51:38] [Server thread/INFO]: Random Lighting Updates: false
[17:51:38] [Server thread/INFO]: Custom Map Seeds:  Village: 10387312 Feature: 14357617 Monument: 10387313 Slime: 987234911
[17:51:38] [Server thread/INFO]: Max TNT Explosions: 100
[17:51:38] [Server thread/INFO]: Cactus Growth Modifier: 100%
[17:51:38] [Server thread/INFO]: Cane Growth Modifier: 100%
[17:51:38] [Server thread/INFO]: Melon Growth Modifier: 100%
[17:51:38] [Server thread/INFO]: Mushroom Growth Modifier: 100%
[17:51:38] [Server thread/INFO]: Pumpkin Growth Modifier: 100%
[17:51:38] [Server thread/INFO]: Sapling Growth Modifier: 100%
[17:51:38] [Server thread/INFO]: Wheat Growth Modifier: 100%
[17:51:38] [Server thread/INFO]: NetherWart Growth Modifier: 100%
[17:51:38] [Server thread/INFO]: Vine Growth Modifier: 100%
[17:51:38] [Server thread/INFO]: Cocoa Growth Modifier: 100%
[17:51:38] [Server thread/INFO]: Hopper Transfer: 8 Hopper Check: 1 Hopper Amount: 1
[17:51:38] [Server thread/INFO]: Structure Info Saving: true
[17:51:38] [Server thread/INFO]: Tile Max Tick Time: 50ms Entity max Tick Time: 50ms
[17:51:38] [Server thread/INFO]: Entity Tracking Range: Pl 48 / An 48 / Mo 48 / Mi 32 / Other 64
[17:51:38] [Server thread/INFO]: -------- World Settings For [world_nether] --------
[17:51:38] [Server thread/INFO]: Item Merge Radius: 2.5
[17:51:38] [Server thread/INFO]: Item Despawn Rate: 6000
[17:51:38] [Server thread/INFO]: Allow Zombie Pigmen to spawn from portal blocks: true
[17:51:38] [Server thread/INFO]: Arrow Despawn Rate: 1200
[17:51:38] [Server thread/INFO]: Experience Merge Radius: 3.0
[17:51:38] [Server thread/INFO]: View Distance: 10
[17:51:38] [Server thread/INFO]: Zombie Aggressive Towards Villager: true
[17:51:38] [Server thread/INFO]: Nerfing mobs spawned from spawners: false
[17:51:38] [Server thread/INFO]: Mob Spawn Range: 4
[17:51:38] [Server thread/INFO]: Entity Activation Range: An 32 / Mo 32 / Mi 16 / Tiv true
[17:51:38] [Server thread/INFO]: Random Lighting Updates: false
[17:51:38] [Server thread/INFO]: Custom Map Seeds:  Village: 10387312 Feature: 14357617 Monument: 10387313 Slime: 987234911
[17:51:38] [Server thread/INFO]: Max TNT Explosions: 100
[17:51:38] [Server thread/INFO]: Cactus Growth Modifier: 100%
[17:51:38] [Server thread/INFO]: Cane Growth Modifier: 100%
[17:51:38] [Server thread/INFO]: Melon Growth Modifier: 100%
[17:51:38] [Server thread/INFO]: Mushroom Growth Modifier: 100%
[17:51:38] [Server thread/INFO]: Pumpkin Growth Modifier: 100%
[17:51:38] [Server thread/INFO]: Sapling Growth Modifier: 100%
[17:51:38] [Server thread/INFO]: Wheat Growth Modifier: 100%
[17:51:38] [Server thread/INFO]: NetherWart Growth Modifier: 100%
[17:51:38] [Server thread/INFO]: Vine Growth Modifier: 100%
[17:51:38] [Server thread/INFO]: Cocoa Growth Modifier: 100%
[17:51:38] [Server thread/INFO]: Hopper Transfer: 8 Hopper Check: 1 Hopper Amount: 1
[17:51:38] [Server thread/INFO]: Structure Info Saving: true
[17:51:38] [Server thread/INFO]: Tile Max Tick Time: 50ms Entity max Tick Time: 50ms
[17:51:38] [Server thread/INFO]: Entity Tracking Range: Pl 48 / An 48 / Mo 48 / Mi 32 / Other 64
[17:51:38] [Server thread/INFO]: -------- World Settings For [world_the_end] --------
[17:51:38] [Server thread/INFO]: Item Merge Radius: 2.5
[17:51:38] [Server thread/INFO]: Item Despawn Rate: 6000
[17:51:38] [Server thread/INFO]: Allow Zombie Pigmen to spawn from portal blocks: true
[17:51:38] [Server thread/INFO]: Arrow Despawn Rate: 1200
[17:51:38] [Server thread/INFO]: Experience Merge Radius: 3.0
[17:51:38] [Server thread/INFO]: View Distance: 10
[17:51:38] [Server thread/INFO]: Zombie Aggressive Towards Villager: true
[17:51:38] [Server thread/INFO]: Nerfing mobs spawned from spawners: false
[17:51:38] [Server thread/INFO]: Mob Spawn Range: 4
[17:51:38] [Server thread/INFO]: Entity Activation Range: An 32 / Mo 32 / Mi 16 / Tiv true
[17:51:38] [Server thread/INFO]: Random Lighting Updates: false
[17:51:38] [Server thread/INFO]: Custom Map Seeds:  Village: 10387312 Feature: 14357617 Monument: 10387313 Slime: 987234911
[17:51:38] [Server thread/INFO]: Max TNT Explosions: 100
[17:51:38] [Server thread/INFO]: Cactus Growth Modifier: 100%
[17:51:38] [Server thread/INFO]: Cane Growth Modifier: 100%
[17:51:38] [Server thread/INFO]: Melon Growth Modifier: 100%
[17:51:38] [Server thread/INFO]: Mushroom Growth Modifier: 100%
[17:51:38] [Server thread/INFO]: Pumpkin Growth Modifier: 100%
[17:51:38] [Server thread/INFO]: Sapling Growth Modifier: 100%
[17:51:38] [Server thread/INFO]: Wheat Growth Modifier: 100%
[17:51:38] [Server thread/INFO]: NetherWart Growth Modifier: 100%
[17:51:38] [Server thread/INFO]: Vine Growth Modifier: 100%
[17:51:38] [Server thread/INFO]: Cocoa Growth Modifier: 100%
[17:51:38] [Server thread/INFO]: Hopper Transfer: 8 Hopper Check: 1 Hopper Amount: 1
[17:51:38] [Server thread/INFO]: Structure Info Saving: true
[17:51:38] [Server thread/INFO]: Tile Max Tick Time: 50ms Entity max Tick Time: 50ms
[17:51:38] [Server thread/INFO]: Entity Tracking Range: Pl 48 / An 48 / Mo 48 / Mi 32 / Other 64
[17:51:38] [Server thread/INFO]: Preparing start region for level 0 (Seed: -1338961877)
[17:51:39] [Server thread/INFO]: Preparing spawn area: 22%
[17:51:40] [Server thread/INFO]: Preparing start region for level 1 (Seed: -1338961877)
[17:51:41] [Server thread/INFO]: Preparing spawn area: 84%
[17:51:41] [Server thread/INFO]: Preparing start region for level 2 (Seed: -1338961877)
[17:51:42] [Server thread/INFO]: [OinkMetrics] Enabling OinkMetrics v0.1
[17:51:42] [Server thread/INFO]: [OinkMetrics] Configuration file for OinkMetrics v0.1 loaded.
[17:51:42] [Server thread/INFO]: [OinkMetrics] There has been an error with establishing a connection to the SQL database.
[17:51:42] [Server thread/INFO]: [WorldEdit] Enabling WorldEdit v6.1.7;dd00bb1
[17:51:42] [Server thread/INFO]: WEPIF: Using the Bukkit Permissions API.
[17:51:42] [Server thread/INFO]: [WorldEdit] Using com.sk89q.worldedit.bukkit.adapter.impl.Spigot_v1_12_R1 as the Bukkit adapter
[17:51:42] [Server thread/WARN]: [WorldEdit] WorldEdit has detected you are using Java 7 (based on detected version 10.0.1).
[17:51:42] [Server thread/WARN]: [WorldEdit] WorldEdit will stop supporting Java less than version 8 in the future, due to Java 7 being EOL since April 2015. Please update your server to Java 8.
[17:51:42] [Server thread/INFO]: Server permissions file permissions.yml is empty, ignoring it
[17:51:42] [Server thread/INFO]: Done (4.660s)! For help, type "help" or "?"
[17:52:20] [User Authenticator #1/INFO]: UUID of player GOLFCHAMPION is 7df725fd-df52-44ea-baee-73189f32ab4d
[17:52:20] [Server thread/INFO]: GOLFCHAMPION[/68.203.12.75:49572] logged in with entity id 93 at ([world]-367.5912664155972, 135.99243552278367, 365.73798975935864)
[17:52:22] [Craft Scheduler Thread - 1/INFO]: [0;30;1m([0;31;22m[21mFAWE[0;30;1m)[m[0;37;22m Updated FAWE to 18.08.13-c836e0e-1183-21.1.0 @ F:\OinkTowny Files\OinkTowny Spawn\plugins\update-confirm\FastAsyncWorldEdit-bukkit-18.08.09-c12f685-1171-20.7.5.jar[m
[17:52:29] [Server thread/INFO]: GOLFCHAMPION issued server command: /wea
[18:11:32] [Server thread/INFO]: GOLFCHAMPION issued server command: //wand
[18:12:43] [Server thread/INFO]: GOLFCHAMPION issued server command: //copy stone_brick
[18:12:43] [Craft Scheduler Thread - 3/INFO]: [0;30;1m([0;31;22m[21mFAWE[0;30;1m)[m[0;37;22m Running 1.12 registry dumper![m
[18:12:43] [Craft Scheduler Thread - 3/INFO]: [0;30;1m([0;31;22m[21mFAWE[0;30;1m)[m[0;37;22m Using adapter: com.boydti.fawe.bukkit.v1_12.FaweAdapter_1_12@427190f[m
[18:12:43] [Craft Scheduler Thread - 3/INFO]: [0;30;1m([0;31;22m[21mFAWE[0;30;1m)[m[0;37;22m =========================================[m
[18:13:25] [Server thread/INFO]: GOLFCHAMPION issued server command: //copy
[18:13:34] [Server thread/INFO]: GOLFCHAMPION issued server command: //flip left
[18:13:44] [Server thread/INFO]: GOLFCHAMPION issued server command: //rotate 180
[18:13:51] [Server thread/INFO]: GOLFCHAMPION issued server command: //paste
[18:14:05] [Server thread/INFO]: GOLFCHAMPION issued server command: //undo
[18:14:34] [Server thread/INFO]: GOLFCHAMPION issued server command: //copy
[18:14:42] [Server thread/INFO]: GOLFCHAMPION issued server command: //flip left
[18:14:47] [Server thread/INFO]: GOLFCHAMPION issued server command: //rotate 180
[18:14:50] [Server thread/INFO]: GOLFCHAMPION issued server command: //paste
[18:15:01] [Server thread/INFO]: GOLFCHAMPION issued server command: //undo
[18:15:07] [Server thread/INFO]: GOLFCHAMPION issued server command: //rotate 180
[18:15:10] [Server thread/INFO]: GOLFCHAMPION issued server command: //paste
[18:15:18] [Server thread/INFO]: GOLFCHAMPION issued server command: //undo
[18:15:22] [Server thread/INFO]: GOLFCHAMPION issued server command: //flip
[18:15:25] [Server thread/INFO]: GOLFCHAMPION issued server command: //paste
[18:15:31] [Server thread/INFO]: GOLFCHAMPION issued server command: //undo
[18:15:47] [Server thread/INFO]: GOLFCHAMPION issued server command: //paste
[18:17:43] [Server thread/INFO]: GOLFCHAMPION issued server command: //sel fuzzy
[18:17:50] [Server thread/INFO]: GOLFCHAMPION issued server command: //sel cuboid
[18:19:06] [Server thread/INFO]: GOLFCHAMPION issued server command: //copy
[18:19:10] [Server thread/INFO]: GOLFCHAMPION issued server command: //flip
[18:19:24] [Server thread/INFO]: GOLFCHAMPION issued server command: //paste
[18:19:47] [Server thread/INFO]: GOLFCHAMPION issued server command: //paste
[18:24:43] [Server thread/WARN]: GOLFCHAMPION moved too quickly! 2.5085362390657338,3.180607327749982,-9.359999248888357
[18:30:27] [Server thread/INFO]: GOLFCHAMPION issued server command: //wand
[18:31:07] [Server thread/INFO]: GOLFCHAMPION issued server command: //copy
[18:31:16] [Server thread/WARN]: GOLFCHAMPION moved too quickly! -1.5324788651228118,0.0,-17.160540298328954
[18:31:39] [Server thread/INFO]: GOLFCHAMPION issued server command: //paste
[18:32:00] [Server thread/INFO]: GOLFCHAMPION issued server command: //undo
[18:32:05] [Server thread/INFO]: GOLFCHAMPION issued server command: //paste
[18:32:12] [Server thread/INFO]: GOLFCHAMPION issued server command: //undo
[18:32:13] [Server thread/INFO]: GOLFCHAMPION issued server command: //paste
[18:48:08] [Server thread/INFO]: GOLFCHAMPION issued server command: //wand
[18:48:56] [Server thread/INFO]: GOLFCHAMPION issued server command: //copy
[18:48:56] [Server thread/INFO]: GOLFCHAMPION issued server command: //flip
[18:49:03] [Server thread/INFO]: GOLFCHAMPION issued server command: //paste
[18:49:10] [Server thread/INFO]: GOLFCHAMPION issued server command: //undo
[18:49:14] [Server thread/INFO]: GOLFCHAMPION issued server command: //paste
[18:49:21] [Server thread/INFO]: GOLFCHAMPION issued server command: //undo
[18:49:28] [Server thread/INFO]: GOLFCHAMPION issued server command: //paste
[18:49:34] [Server thread/INFO]: GOLFCHAMPION issued server command: //undo
[18:49:46] [Server thread/INFO]: GOLFCHAMPION issued server command: //copy
[18:49:50] [Server thread/INFO]: GOLFCHAMPION issued server command: //flip
[18:50:03] [Server thread/INFO]: GOLFCHAMPION issued server command: //paste
[18:50:13] [Server thread/INFO]: GOLFCHAMPION issued server command: //undo
[18:50:20] [Server thread/INFO]: GOLFCHAMPION issued server command: //paste
[18:50:27] [Server thread/INFO]: GOLFCHAMPION issued server command: //undo
[18:50:36] [Server thread/INFO]: GOLFCHAMPION issued server command: //paste
[18:50:42] [Server thread/INFO]: GOLFCHAMPION issued server command: //undo
[18:50:48] [Server thread/INFO]: GOLFCHAMPION issued server command: //paste
[18:51:03] [Server thread/INFO]: GOLFCHAMPION issued server command: //undo
[18:51:33] [Server thread/INFO]: GOLFCHAMPION issued server command: //copy
[18:51:51] [Server thread/INFO]: GOLFCHAMPION issued server command: //paste
[18:52:01] [Server thread/INFO]: GOLFCHAMPION issued server command: //undo
[18:52:05] [Server thread/INFO]: GOLFCHAMPION issued server command: //paste
[18:57:48] [Server thread/INFO]: GOLFCHAMPION issued server command: //wand
[18:58:09] [Server thread/INFO]: GOLFCHAMPION issued server command: //stack 20 down
[18:58:15] [Server thread/INFO]: GOLFCHAMPION issued server command: //undo
[18:58:26] [Server thread/INFO]: GOLFCHAMPION issued server command: //redo
[18:58:31] [Server thread/INFO]: GOLFCHAMPION issued server command: //undo
[18:58:46] [Server thread/INFO]: GOLFCHAMPION issued server command: //stack 20 down
[18:58:49] [Server thread/INFO]: GOLFCHAMPION issued server command: //stack 20 down
[18:58:52] [Server thread/INFO]: GOLFCHAMPION issued server command: //stack 20 down
[18:58:55] [Server thread/INFO]: GOLFCHAMPION issued server command: //stack 20 down
[18:58:57] [Server thread/INFO]: GOLFCHAMPION issued server command: //stack 20 down
[18:59:00] [Server thread/INFO]: GOLFCHAMPION issued server command: //stack 20 down
[18:59:03] [Server thread/INFO]: GOLFCHAMPION issued server command: //stack 20 down
[19:02:49] [Server thread/INFO]: GOLFCHAMPION issued server command: //wand
[19:03:12] [Server thread/INFO]: GOLFCHAMPION issued server command: //pos2
[19:03:32] [Server thread/INFO]: GOLFCHAMPION issued server command: //replace carpet hand
[19:03:38] [Server thread/INFO]: GOLFCHAMPION issued server command: //undo
[19:03:54] [Server thread/INFO]: GOLFCHAMPION issued server command: //replace carpet:4 hand
[19:03:59] [Server thread/INFO]: GOLFCHAMPION issued server command: //undo
[19:04:01] [Server thread/INFO]: GOLFCHAMPION issued server command: //replace carpet:4 hand
[19:04:13] [Server thread/INFO]: GOLFCHAMPION issued server command: //undo
[19:04:16] [Server thread/INFO]: GOLFCHAMPION issued server command: //replace carpet:4 hand
[19:04:34] [Server thread/INFO]: GOLFCHAMPION issued server command: //replace carpet:4 hand
[19:11:01] [Server thread/INFO]: GOLFCHAMPION has reached the goal [Sky's the Limit]
[19:11:13] [Server thread/INFO]: GOLFCHAMPION issued server command: /give GOLFCHAMPION minecraft:fireworks
[19:11:13] [Server thread/INFO]: [GOLFCHAMPION: Given [Firework Rocket] * 1 to GOLFCHAMPION]
[19:11:17] [Server thread/INFO]: GOLFCHAMPION issued server command: /give GOLFCHAMPION minecraft:fireworks 64
[19:11:17] [Server thread/INFO]: [GOLFCHAMPION: Given [Firework Rocket] * 64 to GOLFCHAMPION]
[19:11:27] [Server thread/INFO]: GOLFCHAMPION issued server command: /give GOLFCHAMPION minecraft:fireworks 64 {Flight:100}
[19:11:27] [Server thread/INFO]: [GOLFCHAMPION: '{Flight:100}' is not a valid number]
[19:11:38] [Server thread/INFO]: GOLFCHAMPION issued server command: /give GOLFCHAMPION minecraft:fireworks 64 {Fuse:100}
[19:11:38] [Server thread/INFO]: [GOLFCHAMPION: '{Fuse:100}' is not a valid number]
[19:11:42] [Server thread/INFO]: GOLFCHAMPION issued server command: /give GOLFCHAMPION minecraft:fireworks 64 {Fuze:100}
[19:11:42] [Server thread/INFO]: [GOLFCHAMPION: '{Fuze:100}' is not a valid number]
[19:11:47] [Server thread/INFO]: GOLFCHAMPION lost connection: Disconnected
[19:11:48] [Server thread/INFO]: GOLFCHAMPION left the game
[19:12:18] [User Authenticator #2/INFO]: UUID of player GOLFCHAMPION is 7df725fd-df52-44ea-baee-73189f32ab4d
[19:12:18] [Server thread/INFO]: GOLFCHAMPION[/68.203.12.75:50244] logged in with entity id 2380 at ([world]-368.12373837055645, 114.0625, 376.49349753061756)
[19:12:20] [Craft Scheduler Thread - 35/INFO]: [0;30;1m([0;31;22m[21mFAWE[0;30;1m)[m[0;37;22m Updated FAWE to 18.08.13-c836e0e-1183-21.1.0 @ F:\OinkTowny Files\OinkTowny Spawn\plugins\update-confirm\FastAsyncWorldEdit-bukkit-18.08.09-c12f685-1171-20.7.5.jar[m
[19:12:47] [Server thread/INFO]: GOLFCHAMPION issued server command: /give GOLFCHAMPION minecraft:firework 64 {Fireworks:{Flight:127}}
[19:12:47] [Server thread/INFO]: [GOLFCHAMPION: There is no such item with name minecraft:firework]
[19:12:52] [Server thread/INFO]: GOLFCHAMPION issued server command: /give GOLFCHAMPION minecraft:fireworks 64 {Fireworks:{Flight:127}}
[19:12:52] [Server thread/INFO]: [GOLFCHAMPION: '{Fireworks:{Flight:127}}' is not a valid number]
[19:12:59] [Server thread/INFO]: GOLFCHAMPION issued server command: /give GOLFCHAMPION minecraft:fireworks 64 {Firework:{Flight:127}}
[19:12:59] [Server thread/INFO]: [GOLFCHAMPION: '{Firework:{Flight:127}}' is not a valid number]
[19:13:09] [Server thread/INFO]: GOLFCHAMPION issued server command: /give GOLFCHAMPION minecraft:fireworks 64 0 {Firework:{Flight:127}}
[19:13:09] [Server thread/INFO]: [GOLFCHAMPION: Given [Firework Rocket] * 64 to GOLFCHAMPION]
[19:13:16] [Server thread/INFO]: GOLFCHAMPION issued server command: /give GOLFCHAMPION minecraft:fireworks 64 0 {Fireworks:{Flight:127}}
[19:13:16] [Server thread/INFO]: [GOLFCHAMPION: Given [Firework Rocket] * 64 to GOLFCHAMPION]
[19:13:24] [Server thread/INFO]: GOLFCHAMPION issued server command: /gamemode 0
[19:13:24] [Server thread/INFO]: [GOLFCHAMPION: Set own game mode to Survival Mode]
[19:13:41] [Server thread/WARN]: GOLFCHAMPION moved wrongly!
[19:14:53] [Server thread/INFO]: GOLFCHAMPION issued server command: /gamemode 1
[19:14:53] [Server thread/INFO]: [GOLFCHAMPION: Set own game mode to Creative Mode]
[19:27:41] [Server thread/INFO]: GOLFCHAMPION issued server command: /gamerule randomTickSpeed 1000
[19:27:41] [Server thread/INFO]: [GOLFCHAMPION: Game rule randomTickSpeed has been updated to 1000]
[19:40:08] [Server thread/INFO]: GOLFCHAMPION issued server command: //wand
[19:40:19] [Server thread/INFO]: GOLFCHAMPION issued server command: //copy
[19:40:27] [Server thread/INFO]: GOLFCHAMPION issued server command: //rotate 180
[19:40:43] [Server thread/INFO]: GOLFCHAMPION issued server command: //copy
[19:40:49] [Server thread/INFO]: GOLFCHAMPION issued server command: //rotate 180
[19:40:52] [Server thread/INFO]: GOLFCHAMPION issued server command: //paste
[19:41:06] [Server thread/INFO]: GOLFCHAMPION issued server command: /wea
[19:41:09] [Server thread/INFO]: GOLFCHAMPION issued server command: //copy
[19:41:15] [Server thread/INFO]: GOLFCHAMPION issued server command: //rotate 180
[19:41:18] [Server thread/INFO]: GOLFCHAMPION issued server command: //paste
[19:41:24] [Server thread/INFO]: GOLFCHAMPION issued server command: //undo
[19:41:33] [Server thread/INFO]: GOLFCHAMPION issued server command: //copy
[19:41:35] [Server thread/INFO]: GOLFCHAMPION issued server command: //flip
[19:41:39] [Server thread/INFO]: GOLFCHAMPION issued server command: //paste
[19:41:43] [Server thread/INFO]: GOLFCHAMPION issued server command: //undo
[19:41:49] [Server thread/INFO]: GOLFCHAMPION issued server command: //rotate 180
[19:41:51] [Server thread/INFO]: GOLFCHAMPION issued server command: //paste
[19:41:59] [Server thread/INFO]: GOLFCHAMPION issued server command: //undo
[19:42:04] [Server thread/INFO]: GOLFCHAMPION issued server command: //copy
[19:42:11] [Server thread/INFO]: GOLFCHAMPION issued server command: //copy
[19:42:18] [Server thread/INFO]: GOLFCHAMPION issued server command: //flip left
[19:42:27] [Server thread/INFO]: GOLFCHAMPION issued server command: //copy
[19:42:31] [Server thread/INFO]: GOLFCHAMPION issued server command: //flip right
[19:42:35] [Server thread/INFO]: GOLFCHAMPION issued server command: //paste
[19:45:07] [Server thread/INFO]: GOLFCHAMPION issued server command: //wand
[19:45:32] [Server thread/INFO]: GOLFCHAMPION issued server command: //copy
[19:45:37] [Server thread/INFO]: GOLFCHAMPION issued server command: //rotate 180
[19:45:45] [Server thread/INFO]: GOLFCHAMPION issued server command: //paste
[19:48:42] [Server thread/INFO]: GOLFCHAMPION issued server command: //copy
[19:48:55] [Server thread/INFO]: GOLFCHAMPION issued server command: //paste
[19:49:01] [Server thread/INFO]: GOLFCHAMPION issued server command: //undo
[19:49:05] [Server thread/INFO]: GOLFCHAMPION issued server command: //paste
[19:54:36] [Server thread/INFO]: GOLFCHAMPION issued server command: //wand
[19:55:19] [Server thread/INFO]: GOLFCHAMPION issued server command: //set hand
[19:55:24] [Server thread/INFO]: GOLFCHAMPION issued server command: //undo
[19:55:26] [Server thread/INFO]: GOLFCHAMPION issued server command: //set hand
[19:57:01] [Server thread/INFO]: GOLFCHAMPION issued server command: /gamerule randomTickSpeed 3
[19:57:01] [Server thread/INFO]: [GOLFCHAMPION: Game rule randomTickSpeed has been updated to 3]
[20:12:03] [Server thread/INFO]: GOLFCHAMPION lost connection: Disconnected
[20:12:03] [Server thread/INFO]: GOLFCHAMPION left the game
[21:44:53] [Server thread/INFO]: Stopping the server
[21:44:53] [Server thread/INFO]: Stopping server
[21:44:53] [Server thread/INFO]: [WorldEdit] Disabling WorldEdit v6.1.7;dd00bb1
[21:44:53] [Server thread/INFO]: [FastAsyncWorldEdit] Disabling FastAsyncWorldEdit v18.08.11-fa7fc22-1173-20.9.0
[21:44:53] [Server thread/INFO]: [OinkMetrics] Disabling OinkMetrics v0.1
[21:44:53] [Server thread/INFO]: Saving players
[21:44:53] [Server thread/INFO]: Saving worlds
[21:44:53] [Server thread/INFO]: Saving chunks for level 'world'/overworld
[21:44:53] [Server thread/INFO]: Saving chunks for level 'world_nether'/the_nether
[21:44:53] [Server thread/INFO]: Saving chunks for level 'world_the_end'/the_end
